11:06:10	out       Logfile opened
11:06:10	out       Logfiles cleaned
11:07:07	database  connection established
11:07:07	database  statement created
11:07:08	database  statement closed
11:07:08	database  connexion closed
11:07:08	database  connection error
11:07:09	database  statement closed
11:07:09	database  connexion closed
11:07:09	database  connection established
11:07:09	database  statement created
11:07:09	database  statement closed
11:07:09	database  connexion closed
11:07:09	database  connection error
11:07:10	database  statement closed
11:07:10	database  connexion closed
11:07:10	database  connection established
11:07:10	database  statement created
11:07:12	database  statement closed
11:07:12	database  connexion closed
11:07:12	out       Logfile closed
