08:29:07	out       Logfile opened
08:29:07	out       Logfiles cleaned
08:29:12	database  connection established
08:29:12	database  statement created
08:29:15	database  SQL game started
08:29:15	database  table for SQL game created
08:29:25	database  table for SQL game dropped
08:29:25	database  SQL game started
08:29:26	database  table for SQL game created
08:29:26	database  table for SQL game dropped
08:29:26	database  SQL game started
08:29:26	database  table for SQL game created
08:29:27	database  table for SQL game dropped
08:29:27	database  SQL game started
08:29:27	database  table for SQL game created
08:29:27	database  table for SQL game dropped
08:29:27	database  SQL game started
08:29:27	database  table for SQL game created
08:29:29	database  table for SQL game dropped
08:29:29	database  SQL game started
08:29:29	database  table for SQL game created
08:29:29	database  table for SQL game dropped
08:29:29	database  SQL game started
08:29:29	database  table for SQL game created
08:29:30	database  table for SQL game dropped
08:29:33	database  SQL game started
08:29:33	database  table for SQL game created
08:29:34	database  table for SQL game dropped
08:29:39	database  statement closed
08:29:39	database  connexion closed
08:29:39	out       Logfile closed
