10:31:28	out       Logfile opened
10:31:34	database  statement created
10:38:59	out       Logfile opened
10:39:10	database  statement created
10:39:29	database  statement closed
10:39:29	database  connexion closed
10:39:29	out       Logfile closed
10:39:29	out       Log file opened in another window
10:40:25	out       Logfile opened
10:40:32	database  statement created
10:42:56	database  statement closed
10:42:56	database  connexion closed
10:42:56	out       Logfile closed
10:42:56	out       Log file opened in another window
10:43:22	out       Logfile opened
10:45:36	out       Logfile closed
10:45:37	out       Log file opened in another window
10:48:11	out       Logfile opened
10:48:17	database  statement created
10:48:41	database  statement closed
10:48:41	database  connexion closed
10:48:41	out       Logfile closed
10:48:41	out       Log file opened in another window
10:49:33	database  statement closed
10:49:33	database  connexion closed
10:49:33	out       Logfile closed
