08:55:47	out       Logfile opened
08:55:47	out       Logfiles cleaned
08:56:17	database  connection established
08:56:17	database  statement created
08:56:17	database  statement closed
08:56:17	database  connexion closed
08:56:19	database  connection established
08:56:19	database  statement created
08:59:41	out       Logfile opened
08:59:41	out       Logfiles cleaned
09:00:45	database  statement closed
09:00:45	database  connexion closed
09:00:45	out       Logfile closed
09:00:45	out       Log file opened in another window
09:00:49	database  connection established
09:00:49	database  statement created
09:00:49	database  statement closed
09:00:49	database  connexion closed
09:01:47	database  connection established
09:01:47	database  statement created
09:01:47	database  statement closed
09:01:47	database  connexion closed
09:01:52	out       Logfile closed
