09:49:50	out       Logfile opened
09:49:50	out       Logfiles cleaned
09:50:01	out       connection attempt : guest
09:50:01	out       successful connection
09:50:01	out       Database connection attempt : Brendan
09:50:01	out       successful connection : Brendan
09:50:01	database  connection established
09:50:01	database  statement created
09:50:42	database  query executed : drop table game
09:50:47	database  query executed : CREATE TABLE Game (primaryKey number(2) constraint pkGame PRIMARY KEY, name VARCHAR2 (10) CONSTRAINT nnName NOT NULL, surname VARCHAR2(20) CONSTRAINT nnSurname NOT NULL, age NUMBER(2) CONSTRAINT nnAge NOT NULL, CONSTRAINT nnNameSurname UNIQUE (name, surname))
09:51:01	database  query executed : select * from game
09:51:06	database  SQL game started
09:51:06	database  error creating table for SQL game
09:51:06	database  table for SQL game created
09:51:30	database  error dropping table for game
09:51:30	database  SQL game ended
09:51:37	database  statement closed
09:51:37	database  connexion closed
09:51:37	database  disconnected from data base
09:51:37	out       logged out
09:51:37	out       Logfile closed
