14:50:45	out       Logfile opened
14:50:45	out       Logfiles cleaned
14:50:58	out       Logfile opened
14:50:58	out       Logfiles cleaned
14:51:16	out       Logfile closed
14:51:16	out       Log file opened in another window
14:51:19	out       Logfile opened
14:51:19	out       Logfiles cleaned
14:52:18	out       Logfile closed
14:52:18	out       Log file opened in another window
14:53:00	out       Logfile opened
14:53:00	out       Logfiles cleaned
14:53:18	out       Logfile closed
14:53:18	out       Log file opened in another window
15:09:54	out       Logfile opened
15:09:54	out       Logfiles cleaned
15:11:01	out       Logfile opened
15:11:01	out       Logfiles cleaned
15:12:12	out       Logfile opened
15:12:12	out       Logfiles cleaned
15:14:20	out       Logfile opened
15:14:20	out       Logfiles cleaned
15:15:39	out       Logfile closed
15:15:39	out       Log file opened in another window
11:21:22	out       Logfile opened
11:21:22	out       Logfiles cleaned
11:21:27	database  connection established
11:21:27	database  statement created
11:21:32	database  SQL game started
11:21:32	database  error creating table for SQL game
11:21:32	database  table for SQL game created
11:21:38	database  statement closed
11:21:38	database  connexion closed
11:21:38	out       Logfile closed
