13:43:33	out       Logfile opened
13:43:33	out       Logfiles cleaned
13:43:38	database  connection error
13:43:51	database  connection established
13:43:51	database  statement created
13:43:52	database  statement closed
13:43:52	database  connexion closed
13:43:52	database  connection error
13:45:07	out       Logfile opened
13:45:07	out       Logfiles cleaned
13:45:11	database  connection established
13:45:11	database  statement created
13:45:12	database  statement closed
13:45:12	database  connexion closed
13:45:12	database  connection error
13:45:24	database  statement closed
13:45:24	database  connexion closed
13:45:24	database  connection established
13:45:24	database  statement created
13:45:28	database  statement closed
13:45:28	database  connexion closed
13:45:28	out       Logfile closed
13:45:28	out       Log file opened in another window
